{
  "stats": {
    "suites": 1,
    "tests": 4,
    "passes": 3,
    "pending": 0,
    "failures": 1,
    "start": "2022-10-12T14:46:43.760Z",
    "end": "2022-10-12T14:47:25.838Z",
    "duration": 42078,
    "testsRegistered": 4,
    "passPercent": 75,
    "pendingPercent": 0,
    "other": 0,
    "hasOther": false,
    "skipped": 0,
    "hasSkipped": false
  },
  "results": [
    {
      "uuid": "9d76d1c6-c9d9-4e2d-a2dd-d8a404de1d1f",
      "title": "",
      "fullFile": "cypress/integration/DAY_1/day_5.spec.js",
      "file": "cypress/integration/DAY_1/day_5.spec.js",
      "beforeHooks": [],
      "afterHooks": [],
      "tests": [],
      "suites": [
        {
          "uuid": "f7d5c9d2-e6ec-4d1f-910c-889af37f08fd",
          "title": "",
          "fullFile": "",
          "file": "",
          "beforeHooks": [],
          "afterHooks": [],
          "tests": [
            {
              "title": "",
              "fullTitle": " ",
              "timedOut": null,
              "duration": 12069,
              "state": "passed",
              "speed": "slow",
              "pass": true,
              "fail": false,
              "pending": false,
              "context": null,
              "code": "cy.on('uncaught:exception', (err, runnable) => {\n  expect(err.message).to.include('of undefined');\n  done();\n  return false;\n});\ncy.visit(\"https://rahulshettyacademy.com/AutomationPractice/\");\ncy.contains(\"Home\").click({\n  force: true\n});\ncy.url().should(\"include\", \"https://www.rahulshettyacademy.com/\");",
              "err": {},
              "uuid": "45b3b499-355d-4492-ac55-c8add710bd62",
              "parentUUID": "f7d5c9d2-e6ec-4d1f-910c-889af37f08fd",
              "isHook": false,
              "skipped": false
            },
            {
              "title": "",
              "fullTitle": " ",
              "timedOut": null,
              "duration": 2484,
              "state": "passed",
              "speed": "fast",
              "pass": true,
              "fail": false,
              "pending": false,
              "context": null,
              "code": "cy.visit(\"https://rahulshettyacademy.com/AutomationPractice/\");\ncy.get(\"#product>tbody>tr>td\").each(function ($el, index, $list) {\n  const text = $el.text();\n  if (text.includes(\"Python\")) {\n    cy.log(text);\n  }\n});",
              "err": {},
              "uuid": "0d319b45-4808-4c6a-838c-535d6d3145f1",
              "parentUUID": "f7d5c9d2-e6ec-4d1f-910c-889af37f08fd",
              "isHook": false,
              "skipped": false
            },
            {
              "title": "",
              "fullTitle": " ",
              "timedOut": null,
              "duration": 2905,
              "state": "failed",
              "speed": null,
              "pass": false,
              "fail": true,
              "pending": false,
              "context": null,
              "code": "cy.visit(\"https://rahulshettyacademy.com/AutomationPractice/\");\ncy.get(\"#alertbtn\").click();\ncy.get('[value=\"Confirm\"]').click();\ncy.on(\"window:alert\", str => {\n  expect(str).to.eq(\"Hello , share this practice page and share your knowledge\");\n});\ncy.on(\"window:confirm\", str => {\n  expect(str).to.eq(\"Hello , Are you sure you want to confirm\");\n});",
              "err": {
                "message": "AssertionError: The following error originated from your application code, not from Cypress.\n\n  > expected 'Hello , Are you sure you want to confirm?' to equal 'Hello , Are you sure you want to confirm'\n\nWhen Cypress detects uncaught errors originating from your application it will automatically fail the current test.\n\nThis behavior is configurable, and you can choose to turn this off by listening to the `uncaught:exception` event.\n\nhttps://on.cypress.io/uncaught-exception-from-application",
                "estack": "AssertionError: The following error originated from your application code, not from Cypress.\n\n  > expected 'Hello , Are you sure you want to confirm?' to equal 'Hello , Are you sure you want to confirm'\n\nWhen Cypress detects uncaught errors originating from your application it will automatically fail the current test.\n\nThis behavior is configurable, and you can choose to turn this off by listening to the `uncaught:exception` event.\n\nhttps://on.cypress.io/uncaught-exception-from-application\n    at $Cy.eval (https://rahulshettyacademy.com/__cypress/tests?p=cypress\\integration\\DAY_1\\day_5.spec.js:136:22)",
                "diff": "- '\\'Hello , Are you sure you want to confirm?\\''\n+ '\\'Hello , Are you sure you want to confirm\\''\n"
              },
              "uuid": "1adec363-09d6-47c4-af28-83605393edd6",
              "parentUUID": "f7d5c9d2-e6ec-4d1f-910c-889af37f08fd",
              "isHook": false,
              "skipped": false
            },
            {
              "title": "",
              "fullTitle": " ",
              "timedOut": null,
              "duration": 19735,
              "state": "passed",
              "speed": "slow",
              "pass": true,
              "fail": false,
              "pending": false,
              "context": null,
              "code": "cy.visit(\"https://rahulshettyacademy.com/AutomationPractice/\");\ncy.get(\"#opentab\").invoke(\"removeAttr\", \"target\").click();\ncy.wait(6000);\ncy.url().should(\"include\", \"https://www.rahulshettyacademy.com/\");\ncy.go('back');\ncy.go(1);\ncy.go(-1);\ncy.go('forward');",
              "err": {},
              "uuid": "e2b35785-9427-46c8-84ad-0417db0fe5ad",
              "parentUUID": "f7d5c9d2-e6ec-4d1f-910c-889af37f08fd",
              "isHook": false,
              "skipped": false
            }
          ],
          "suites": [],
          "passes": [
            "45b3b499-355d-4492-ac55-c8add710bd62",
            "0d319b45-4808-4c6a-838c-535d6d3145f1",
            "e2b35785-9427-46c8-84ad-0417db0fe5ad"
          ],
          "failures": [
            "1adec363-09d6-47c4-af28-83605393edd6"
          ],
          "pending": [],
          "skipped": [],
          "duration": 37193,
          "root": false,
          "rootEmpty": false,
          "_timeout": 2000
        }
      ],
      "passes": [],
      "failures": [],
      "pending": [],
      "skipped": [],
      "duration": 0,
      "root": true,
      "rootEmpty": true,
      "_timeout": 2000
    }
  ],
  "meta": {
    "mocha": {
      "version": "7.0.1"
    },
    "mochawesome": {
      "options": {
        "quiet": false,
        "reportFilename": "mochawesome",
        "saveHtml": true,
        "saveJson": true,
        "consoleReporter": "spec",
        "useInlineDiffs": false,
        "code": true
      },
      "version": "7.1.3"
    },
    "marge": {
      "options": null,
      "version": "6.2.0"
    }
  }
}